<?xml version="1.0" encoding="UTF-8"?>
<!-- Generated by org.testng.reporters.JUnitXMLReporter -->
<testsuite hostname="localhost" name="Surefire test" tests="7" failures="0" timestamp="7 Dec 2016 09:21:15 GMT" time="0.145" errors="0">
  <testcase name="testFuncInvokeWithInt" time="0.043" classname="org.wso2.ballerina.core.model.WhileStmtTest"/>
  <testcase name="testFuncInvokeWithInt" time="0.001" classname="org.wso2.ballerina.core.model.FunctionInvocationTest"/>
  <testcase name="testFuncInvokeWithString" time="0.0" classname="org.wso2.ballerina.core.model.FunctionInvocationTest"/>
  <testcase name="testIfElseStmtElseBody" time="0.001" classname="org.wso2.ballerina.core.model.IfElseStmtTest"/>
  <testcase name="testIfElseStmtThenBody" time="0.001" classname="org.wso2.ballerina.core.model.IfElseStmtTest"/>
  <testcase name="testImportParser" time="0.0" classname="org.wso2.ballerina.core.parser.BallerinaBaseListenerImplTest"/>
  <testcase name="testPackageParser" time="0.0" classname="org.wso2.ballerina.core.parser.BallerinaBaseListenerImplTest"/>
</testsuite> <!-- Surefire test -->
