<?xml version="1.0" encoding="UTF-8"?>
<testsuite xmlns:xsi="http://www.w3.org/2001/XMLSchema-instance" xsi:schemaLocation="https://maven.apache.org/surefire/maven-surefire-plugin/xsd/surefire-test-report.xsd" name="TestSuite" time="0.334" tests="7" errors="0" skipped="0" failures="0">
  <properties>
[...]
</properties>
  <testcase name="testFuncInvokeWithInt" classname="org.wso2.ballerina.core.model.WhileStmtTest" time="0.043"/>
  <testcase name="testFuncInvokeWithInt" classname="org.wso2.ballerina.core.model.FunctionInvocationTest" time="0.002"/>
  <testcase name="testFuncInvokeWithString" classname="org.wso2.ballerina.core.model.FunctionInvocationTest" time="0"/>
  <testcase name="testIfElseStmtElseBody" classname="org.wso2.ballerina.core.model.IfElseStmtTest" time="0.001"/>
  <testcase name="testIfElseStmtThenBody" classname="org.wso2.ballerina.core.model.IfElseStmtTest" time="0"/>
  <testcase name="testImportParser" classname="org.wso2.ballerina.core.parser.BallerinaBaseListenerImplTest" time="0"/>
  <testcase name="testPackageParser" classname="org.wso2.ballerina.core.parser.BallerinaBaseListenerImplTest" time="0.001"/>
</testsuite>