<?xml version="1.0" encoding="UTF-8"?>
<testng-results skipped="0" failed="0" total="7" passed="7">
  <reporter-output>
  </reporter-output>
  <suite name="Surefire suite" duration-ms="145" started-at="2016-12-07T09:21:15Z" finished-at="2016-12-07T09:21:15Z">
    <groups>
    </groups>
    <test name="Surefire test" duration-ms="145" started-at="2016-12-07T09:21:15Z" finished-at="2016-12-07T09:21:15Z">
      <class name="org.wso2.ballerina.core.model.FunctionInvocationTest">
        <test-method status="PASS" signature="testFuncInvokeWithInt()[pri:0, instance:org.wso2.ballerina.core.model.FunctionInvocationTest@3f2a3a5]" name="testFuncInvokeWithInt" duration-ms="1" started-at="2016-12-07T14:51:15Z" finished-at="2016-12-07T14:51:15Z">
          <reporter-output>
          </reporter-output>
        </test-method> <!-- testFuncInvokeWithInt -->
        <test-method status="PASS" signature="testFuncInvokeWithString()[pri:0, instance:org.wso2.ballerina.core.model.FunctionInvocationTest@3f2a3a5]" name="testFuncInvokeWithString" duration-ms="0" started-at="2016-12-07T14:51:15Z" finished-at="2016-12-07T14:51:15Z">
          <reporter-output>
          </reporter-output>
        </test-method> <!-- testFuncInvokeWithString -->
      </class> <!-- org.wso2.ballerina.core.model.FunctionInvocationTest -->
      <class name="org.wso2.ballerina.core.model.IfElseStmtTest">
        <test-method status="PASS" signature="testIfElseStmtElseBody()[pri:0, instance:org.wso2.ballerina.core.model.IfElseStmtTest@4cb2c100]" name="testIfElseStmtElseBody" duration-ms="1" started-at="2016-12-07T14:51:15Z" finished-at="2016-12-07T14:51:15Z">
          <reporter-output>
          </reporter-output>
        </test-method> <!-- testIfElseStmtElseBody -->
        <test-method status="PASS" signature="testIfElseStmtThenBody()[pri:0, instance:org.wso2.ballerina.core.model.IfElseStmtTest@4cb2c100]" name="testIfElseStmtThenBody" duration-ms="1" started-at="2016-12-07T14:51:15Z" finished-at="2016-12-07T14:51:15Z">
          <reporter-output>
          </reporter-output>
        </test-method> <!-- testIfElseStmtThenBody -->
      </class> <!-- org.wso2.ballerina.core.model.IfElseStmtTest -->
      <class name="org.wso2.ballerina.core.parser.BallerinaBaseListenerImplTest">
        <test-method status="PASS" signature="setup()[pri:0, instance:org.wso2.ballerina.core.parser.BallerinaBaseListenerImplTest@6fb554cc]" name="setup" is-config="true" duration-ms="89" started-at="2016-12-07T14:51:15Z" finished-at="2016-12-07T14:51:15Z">
          <reporter-output>
          </reporter-output>
        </test-method> <!-- setup -->
        <test-method status="PASS" signature="setup()[pri:0, instance:org.wso2.ballerina.core.model.FunctionInvocationTest@3f2a3a5]" name="setup" is-config="true" duration-ms="0" started-at="2016-12-07T14:51:15Z" finished-at="2016-12-07T14:51:15Z">
          <reporter-output>
          </reporter-output>
        </test-method> <!-- setup -->
        <test-method status="PASS" signature="setup()[pri:0, instance:org.wso2.ballerina.core.model.IfElseStmtTest@4cb2c100]" name="setup" is-config="true" duration-ms="0" started-at="2016-12-07T14:51:15Z" finished-at="2016-12-07T14:51:15Z">
          <reporter-output>
          </reporter-output>
        </test-method> <!-- setup -->
        <test-method status="PASS" signature="setup()[pri:0, instance:org.wso2.ballerina.core.model.WhileStmtTest@38082d64]" name="setup" is-config="true" duration-ms="1" started-at="2016-12-07T14:51:15Z" finished-at="2016-12-07T14:51:15Z">
          <reporter-output>
          </reporter-output>
        </test-method> <!-- setup -->
        <test-method status="PASS" signature="testImportParser()[pri:0, instance:org.wso2.ballerina.core.parser.BallerinaBaseListenerImplTest@6fb554cc]" name="testImportParser" duration-ms="0" started-at="2016-12-07T14:51:15Z" finished-at="2016-12-07T14:51:15Z">
          <reporter-output>
          </reporter-output>
        </test-method> <!-- testImportParser -->
        <test-method status="PASS" signature="testPackageParser()[pri:0, instance:org.wso2.ballerina.core.parser.BallerinaBaseListenerImplTest@6fb554cc]" name="testPackageParser" duration-ms="0" started-at="2016-12-07T14:51:15Z" finished-at="2016-12-07T14:51:15Z">
          <reporter-output>
          </reporter-output>
        </test-method> <!-- testPackageParser -->
      </class> <!-- org.wso2.ballerina.core.parser.BallerinaBaseListenerImplTest -->
      <class name="org.wso2.ballerina.core.model.WhileStmtTest">
        <test-method status="PASS" signature="testFuncInvokeWithInt()[pri:0, instance:org.wso2.ballerina.core.model.WhileStmtTest@38082d64]" name="testFuncInvokeWithInt" duration-ms="43" started-at="2016-12-07T14:51:15Z" finished-at="2016-12-07T14:51:15Z">
          <reporter-output>
          </reporter-output>
        </test-method> <!-- testFuncInvokeWithInt -->
      </class> <!-- org.wso2.ballerina.core.model.WhileStmtTest -->
    </test> <!-- Surefire test -->
  </suite> <!-- Surefire suite -->
</testng-results>
